TN:
SF:src/diff.js
FN:3,(anonymous_0)
FN:5,(anonymous_1)
FNF:2
FNH:2
FNDA:20,(anonymous_0)
FNDA:72,(anonymous_1)
DA:1,1
DA:3,1
DA:4,20
DA:5,20
DA:6,72
DA:7,8
DA:9,64
DA:10,20
DA:12,44
DA:13,16
DA:15,28
DA:16,16
DA:18,12
DA:20,20
DA:23,1
LF:15
LH:15
BRDA:6,0,0,8
BRDA:6,0,1,64
BRDA:9,1,0,20
BRDA:9,1,1,44
BRDA:12,2,0,16
BRDA:12,2,1,28
BRDA:12,3,0,44
BRDA:12,3,1,20
BRDA:15,4,0,16
BRDA:15,4,1,12
BRF:10
BRH:10
end_of_record
TN:
SF:src/index.js
FN:5,(anonymous_0)
FNF:1
FNH:1
FNDA:4,(anonymous_0)
DA:1,1
DA:2,1
DA:3,1
DA:5,1
DA:6,4
DA:7,4
DA:8,4
DA:9,4
DA:10,4
DA:11,4
DA:12,4
DA:13,4
DA:16,1
LF:13
LH:13
BRDA:5,0,0,2
BRF:1
BRH:1
end_of_record
TN:
SF:src/parsers.js
FN:5,(anonymous_0)
FN:7,(anonymous_1)
FN:9,(anonymous_2)
FN:14,(anonymous_3)
FNF:4
FNH:4
FNDA:8,(anonymous_0)
FNDA:8,(anonymous_1)
FNDA:8,(anonymous_2)
FNDA:8,(anonymous_3)
DA:1,1
DA:2,1
DA:3,1
DA:5,8
DA:7,8
DA:9,1
DA:10,8
DA:11,8
DA:14,1
DA:15,8
DA:17,6
DA:20,2
DA:22,0
DA:26,1
LF:14
LH:13
BRDA:15,0,0,6
BRDA:15,0,1,0
BRDA:15,0,2,2
BRDA:15,0,3,0
BRF:4
BRH:2
end_of_record
TN:
SF:src/formatters/index.js
FN:11,(anonymous_0)
FNF:1
FNH:1
FNDA:4,(anonymous_0)
DA:1,1
DA:2,1
DA:3,1
DA:5,1
DA:11,1
DA:12,4
DA:13,4
DA:14,0
DA:16,4
LF:9
LH:8
BRDA:13,0,0,0
BRDA:13,0,1,4
BRF:2
BRH:1
end_of_record
TN:
SF:src/formatters/json.js
FN:1,(anonymous_0)
FNF:1
FNH:1
FNDA:1,(anonymous_0)
DA:1,1
DA:3,1
LF:2
LH:2
BRF:0
BRH:0
end_of_record
TN:
SF:src/formatters/plain.js
FN:3,(anonymous_0)
FN:13,(anonymous_1)
FN:14,(anonymous_2)
FNF:3
FNH:3
FNDA:13,(anonymous_0)
FNDA:5,(anonymous_1)
FNDA:18,(anonymous_2)
DA:1,1
DA:3,1
DA:4,13
DA:5,3
DA:7,10
DA:8,7
DA:10,3
DA:13,1
DA:14,5
DA:15,18
DA:16,18
DA:18,2
DA:20,5
DA:22,3
DA:24,4
DA:26,4
DA:28,0
DA:31,5
DA:34,1
LF:19
LH:18
BRDA:4,0,0,3
BRDA:4,0,1,10
BRDA:7,1,0,7
BRDA:7,1,1,3
BRDA:13,2,0,1
BRDA:16,3,0,2
BRDA:16,3,1,5
BRDA:16,3,2,3
BRDA:16,3,3,4
BRDA:16,3,4,4
BRDA:16,3,5,0
BRF:11
BRH:10
end_of_record
TN:
SF:src/formatters/stylish.js
FN:3,(anonymous_0)
FN:14,(anonymous_1)
FN:23,(anonymous_2)
FN:28,(anonymous_3)
FNF:4
FNH:4
FNDA:54,(anonymous_0)
FNDA:18,(anonymous_1)
FNDA:10,(anonymous_2)
FNDA:36,(anonymous_3)
DA:1,1
DA:3,1
DA:4,54
DA:5,40
DA:8,14
DA:9,14
DA:10,14
DA:12,14
DA:14,18
DA:16,14
DA:23,1
DA:24,10
DA:25,10
DA:26,10
DA:28,10
DA:31,36
DA:33,8
DA:35,10
DA:37,4
DA:39,8
DA:44,6
DA:46,0
DA:50,10
DA:57,1
LF:24
LH:23
BRDA:4,0,0,40
BRDA:4,0,1,14
BRDA:23,1,0,2
BRDA:31,2,0,8
BRDA:31,2,1,10
BRDA:31,2,2,4
BRDA:31,2,3,8
BRDA:31,2,4,6
BRDA:31,2,5,0
BRF:9
BRH:8
end_of_record
